<?xml version="1.0" encoding="UTF-8"?>
<testng-results ignored="0" total="1" passed="1" failed="0" skipped="0">
  <reporter-output>
  </reporter-output>
  <suite started-at="2022-01-25T20:13:44 BDT" name="Default suite" finished-at="2022-01-25T20:15:12 BDT" duration-ms="88008">
    <groups>
    </groups>
    <test started-at="2022-01-25T20:13:44 BDT" name="Default test" finished-at="2022-01-25T20:15:12 BDT" duration-ms="88008">
      <class name="testCases.Ecommerce">
        <test-method signature="mySecondTest()[pri:0, instance:testCases.Ecommerce@3d6f0054]" started-at="2022-01-25T20:13:44 BDT" name="mySecondTest" finished-at="2022-01-25T20:15:12 BDT" duration-ms="87917" status="PASS">
          <reporter-output>
          </reporter-output>
        </test-method> <!-- mySecondTest -->
      </class> <!-- testCases.Ecommerce -->
    </test> <!-- Default test -->
  </suite> <!-- Default suite -->
</testng-results>
